<?xml version="1.0" encoding="UTF-8"?>
<testng-results skipped="0" failed="0" total="2" passed="2">
  <reporter-output>
  </reporter-output>
  <suite name="Default suite" duration-ms="72359" started-at="2015-04-21T20:44:18Z" finished-at="2015-04-21T20:45:30Z">
    <groups>
    </groups>
    <test name="Default test" duration-ms="72359" started-at="2015-04-21T20:44:18Z" finished-at="2015-04-21T20:45:30Z">
      <class name="com.nat.test.RepositoryTest">
        <test-method status="PASS" signature="beforeClass()[pri:0, instance:com.nat.test.RepositoryTest@3930015a]" name="beforeClass" is-config="true" duration-ms="5406" started-at="2015-04-22T00:44:18Z" finished-at="2015-04-22T00:44:23Z">
          <reporter-output>
          </reporter-output>
        </test-method> <!-- beforeClass -->
        <test-method status="PASS" signature="beforeTest()[pri:0, instance:com.nat.test.RepositoryTest@3930015a]" name="beforeTest" is-config="true" duration-ms="7382" started-at="2015-04-22T00:44:23Z" finished-at="2015-04-22T00:44:30Z">
          <reporter-output>
          </reporter-output>
        </test-method> <!-- beforeTest -->
        <test-method status="PASS" signature="testRepositoryCreating()[pri:0, instance:com.nat.test.RepositoryTest@3930015a]" name="testRepositoryCreating" duration-ms="26895" started-at="2015-04-22T00:44:30Z" finished-at="2015-04-22T00:44:57Z">
          <reporter-output>
          </reporter-output>
        </test-method> <!-- testRepositoryCreating -->
        <test-method status="PASS" signature="beforeTest()[pri:0, instance:com.nat.test.RepositoryTest@3930015a]" name="beforeTest" is-config="true" duration-ms="3494" started-at="2015-04-22T00:44:57Z" finished-at="2015-04-22T00:45:01Z">
          <reporter-output>
          </reporter-output>
        </test-method> <!-- beforeTest -->
        <test-method status="PASS" signature="testRepositoryDeleting()[pri:0, instance:com.nat.test.RepositoryTest@3930015a]" name="testRepositoryDeleting" duration-ms="23587" started-at="2015-04-22T00:45:01Z" finished-at="2015-04-22T00:45:24Z">
          <reporter-output>
          </reporter-output>
        </test-method> <!-- testRepositoryDeleting -->
        <test-method status="PASS" signature="afterClass()[pri:0, instance:com.nat.test.RepositoryTest@3930015a]" name="afterClass" is-config="true" duration-ms="5580" started-at="2015-04-22T00:45:24Z" finished-at="2015-04-22T00:45:30Z">
          <reporter-output>
          </reporter-output>
        </test-method> <!-- afterClass -->
      </class> <!-- com.nat.test.RepositoryTest -->
    </test> <!-- Default test -->
  </suite> <!-- Default suite -->
</testng-results>
