<?xml version="1.0" encoding="UTF-8"?>
<testng-results skipped="0" failed="0" total="2" passed="2">
  <reporter-output>
  </reporter-output>
  <suite name="Default suite" duration-ms="76979" started-at="2015-04-22T17:23:04Z" finished-at="2015-04-22T17:24:21Z">
    <groups>
    </groups>
    <test name="Default test" duration-ms="76979" started-at="2015-04-22T17:23:04Z" finished-at="2015-04-22T17:24:21Z">
      <class name="com.nat.test.RepositoryTest">
        <test-method status="PASS" signature="beforeClass()[pri:0, instance:com.nat.test.RepositoryTest@3930015a]" name="beforeClass" is-config="true" duration-ms="6275" started-at="2015-04-22T21:23:04Z" finished-at="2015-04-22T21:23:11Z">
          <reporter-output>
          </reporter-output>
        </test-method> <!-- beforeClass -->
        <test-method status="PASS" signature="testRepositoryCreating()[pri:0, instance:com.nat.test.RepositoryTest@3930015a]" name="testRepositoryCreating" duration-ms="36013" started-at="2015-04-22T21:23:11Z" finished-at="2015-04-22T21:23:47Z">
          <reporter-output>
          </reporter-output>
        </test-method> <!-- testRepositoryCreating -->
        <test-method status="PASS" signature="beforeTest()[pri:0, instance:com.nat.test.RepositoryTest@3930015a]" name="beforeTest" is-config="true" duration-ms="0" started-at="2015-04-22T21:23:11Z" finished-at="2015-04-22T21:23:11Z">
          <reporter-output>
          </reporter-output>
        </test-method> <!-- beforeTest -->
        <test-method status="PASS" signature="beforeTest()[pri:0, instance:com.nat.test.RepositoryTest@3930015a]" name="beforeTest" is-config="true" duration-ms="1" started-at="2015-04-22T21:23:47Z" finished-at="2015-04-22T21:23:47Z">
          <reporter-output>
          </reporter-output>
        </test-method> <!-- beforeTest -->
        <test-method status="PASS" signature="testRepositoryDeleting()[pri:0, instance:com.nat.test.RepositoryTest@3930015a]" name="testRepositoryDeleting" duration-ms="28407" started-at="2015-04-22T21:23:47Z" finished-at="2015-04-22T21:24:15Z">
          <reporter-output>
          </reporter-output>
        </test-method> <!-- testRepositoryDeleting -->
        <test-method status="PASS" signature="afterClass()[pri:0, instance:com.nat.test.RepositoryTest@3930015a]" name="afterClass" is-config="true" duration-ms="6269" started-at="2015-04-22T21:24:15Z" finished-at="2015-04-22T21:24:21Z">
          <reporter-output>
          </reporter-output>
        </test-method> <!-- afterClass -->
      </class> <!-- com.nat.test.RepositoryTest -->
    </test> <!-- Default test -->
  </suite> <!-- Default suite -->
</testng-results>
